#
# There is insufficient memory for the Java Runtime Environment to continue.
# Native memory allocation (malloc) failed to allocate 2562064460 bytes for jchar in C:\BUILD_AREA\jdk6_45\hotspot\src\share\vm\prims\jni.cpp
# Possible reasons:
#   The system is out of physical RAM or swap space
#   In 32 bit mode, the process size limit was hit
# Possible solutions:
#   Reduce memory load on the system
#   Increase physical memory or swap space
#   Check if swap backing store is full
#   Use 64 bit Java on a 64 bit OS
#   Decrease Java heap size (-Xmx/-Xms)
#   Decrease number of Java threads
#   Decrease Java thread stack sizes (-Xss)
#   Set larger code cache with -XX:ReservedCodeCacheSize=
# This output file may be truncated or incomplete.
#
#  Out of Memory Error (memory/allocation.inline.hpp:44), pid=8576, tid=2548
#
# JRE version: 6.0_45-b06
# Java VM: Java HotSpot(TM) Client VM (20.45-b01 mixed mode windows-x86 )

---------------  T H R E A D  ---------------

Current thread (0x26ef3400):  JavaThread "Thread-18" daemon [_thread_in_vm, id=2548, stack(0x0daf0000,0x0dbf0000)]

Stack: [0x0daf0000,0x0dbf0000],  sp=0x0dbeee44,  free space=1019k
Native frames: (J=compiled Java code, j=interpreted, Vv=VM code, C=native code)
V  [jvm.dll+0x13490a]
V  [jvm.dll+0x12f48c]
V  [jvm.dll+0xa0b72]
C  [mscorwks.dll+0x1d29]
C  0x08d9453f
C  0x09f8f494
C  0x09f8f42d
C  0x09f8f388
C  0x09f8c190
C  0x09f89bb7
C  0x09f899c5
C  [System.ni.dll+0x4a060d]
C  [System.ni.dll+0x4a036e]
C  [mscorwks.dll+0x1b5c]
C  [mscorwks.dll+0x18f8a]
C  [mscorwks.dll+0x30099b]  TranslateSecurityAttributes+0x35818
C  [mscorwks.dll+0x300e32]  TranslateSecurityAttributes+0x35caf
C  [mscorlib.ni.dll+0x1b95c3]
C  [mscorlib.ni.dll+0x7b72b2]
C  [mscorlib.ni.dll+0x7b72e8]
C  [mscorlib.ni.dll+0x20a6b3]
C  [mscorlib.ni.dll+0x20a549]
C  [mscorwks.dll+0x1b5c]
C  [mscorwks.dll+0x18f8a]
C  [mscorwks.dll+0x1957b]
C  [mscorwks.dll+0x195bc]
C  [mscorwks.dll+0x19629]
C  [mscorwks.dll+0xc10f1]  NGenCreateNGenWorker+0xa148
C  [mscorwks.dll+0x4548f]  CoUninitializeEE+0x1ccef
C  [mscorwks.dll+0x4542b]  CoUninitializeEE+0x1cc8b
C  [mscorwks.dll+0x4534a]  CoUninitializeEE+0x1cbaa
C  [mscorwks.dll+0x454dd]  CoUninitializeEE+0x1cd3d
C  [mscorwks.dll+0x49284]  CoUninitializeEE+0x20ae4
C  [mscorwks.dll+0xc0d86]  NGenCreateNGenWorker+0x9ddd
C  [mscorwks.dll+0x48f1d]  CoUninitializeEE+0x2077d
C  [mscorwks.dll+0x1600b9]  GetCLRFunction+0x35184
C  [KERNEL32.dll+0x2850d]  BaseThreadInitThunk+0xe
C  [ntdll.dll+0x5bf39]  RtlInitializeExceptionChain+0x85
C  [ntdll.dll+0x5bf0c]  RtlInitializeExceptionChain+0x58


---------------  P R O C E S S  ---------------

Java Threads: ( => current thread )
  0x26ef3c00 JavaThread "SWF/SWD reader" daemon [_thread_blocked, id=8308, stack(0x271c0000,0x272c0000)]
  0x26ef4800 JavaThread "DJAPI message listener" daemon [_thread_in_native, id=8592, stack(0x269a0000,0x26aa0000)]
  0x26ef3000 JavaThread "Thread-19" daemon [_thread_in_native, id=4000, stack(0x0de20000,0x0df20000)]
=>0x26ef3400 JavaThread "Thread-18" daemon [_thread_in_vm, id=2548, stack(0x0daf0000,0x0dbf0000)]
  0x26ef4400 JavaThread "Thread-17" daemon [_thread_in_native, id=8996, stack(0x0a6a0000,0x0a7a0000)]
  0x26ef6800 JavaThread "Thread-16" daemon [_thread_in_native, id=2864, stack(0x0dd20000,0x0de20000)]
  0x26ef6000 JavaThread "Thread-15" daemon [_thread_in_native, id=64, stack(0x094e0000,0x095e0000)]
  0x26ef5c00 JavaThread "Thread-14" daemon [_thread_in_native, id=3212, stack(0x0dd20000,0x0de20000)]
  0x09690400 JavaThread "Thread-13" daemon [_thread_in_native, id=6004, stack(0x0a6a0000,0x0a7a0000)]
  0x0968fc00 JavaThread "Thread-12" daemon [_thread_in_native, id=3844, stack(0x0dd20000,0x0de20000)]
  0x0968f800 JavaThread "Thread-11" daemon [_thread_in_native, id=5032, stack(0x094e0000,0x095e0000)]
  0x0968f000 JavaThread "Thread-10" daemon [_thread_in_native, id=3600, stack(0x269a0000,0x26aa0000)]
  0x09690800 JavaThread "Thread-9" daemon [_thread_in_native, id=4644, stack(0x0d9f0000,0x0daf0000)]
  0x09696400 JavaThread "Thread-8" daemon [_thread_in_native, id=8276, stack(0x094e0000,0x095e0000)]
  0x09692c00 JavaThread "Thread-7" daemon [_thread_in_native, id=7448, stack(0x0a6a0000,0x0a7a0000)]
  0x09692400 JavaThread "Thread-6" daemon [_thread_in_native, id=6120, stack(0x268a0000,0x269a0000)]
  0x26514400 JavaThread "Thread-5" daemon [_thread_in_native, id=8768, stack(0x094e0000,0x095e0000)]
  0x26518000 JavaThread "Thread-4" daemon [_thread_in_native, id=4408, stack(0x0d9f0000,0x0daf0000)]
  0x096de400 JavaThread "Thread-3" daemon [_thread_in_native, id=2708, stack(0x094e0000,0x095e0000)]
  0x2651dc00 JavaThread "Thread-2" daemon [_thread_in_native, id=7540, stack(0x0a3b0000,0x0a4b0000)]
  0x264dc000 JavaThread "Thread-1" daemon [_thread_in_native, id=9172, stack(0x04860000,0x04960000)]
  0x264dbc00 JavaThread "Thread-0" daemon [_thread_in_native, id=8512, stack(0x08730000,0x08830000)]
  0x09675000 JavaThread "Low Memory Detector" daemon [_thread_blocked, id=3660, stack(0x0bf00000,0x0c000000)]
  0x09673800 JavaThread "C1 CompilerThread0" daemon [_thread_blocked, id=3516, stack(0x0be00000,0x0bf00000)]
  0x09672800 JavaThread "Attach Listener" daemon [_thread_blocked, id=5040, stack(0x0bd00000,0x0be00000)]
  0x09670800 JavaThread "Signal Dispatcher" daemon [_thread_blocked, id=4676, stack(0x0bc00000,0x0bd00000)]
  0x0965dc00 JavaThread "Finalizer" daemon [_thread_blocked, id=4420, stack(0x0aaf0000,0x0abf0000)]
  0x09659400 JavaThread "Reference Handler" daemon [_thread_blocked, id=5092, stack(0x0a9f0000,0x0aaf0000)]
  0x09358800 JavaThread "main" [_thread_in_native, id=1608, stack(0x00610000,0x00710000)]

Other Threads:
  0x09655400 VMThread [stack: 0x0a830000,0x0a930000] [id=7796]
  0x0967d400 WatcherThread [stack: 0x0c040000,0x0c140000] [id=6252]

VM state:not at safepoint (normal execution)

VM Mutex/Monitor currently owned by a thread: None

Heap
 def new generation   total 5952K, used 838K [0x120b0000, 0x12720000, 0x17600000)
  eden space 5312K,   3% used [0x120b0000, 0x120e1970, 0x125e0000)
  from space 640K, 100% used [0x125e0000, 0x12680000, 0x12680000)
  to   space 640K,   0% used [0x12680000, 0x12680000, 0x12720000)
 tenured generation   total 13172K, used 11931K [0x17600000, 0x182dd000, 0x220b0000)
   the space 13172K,  90% used [0x17600000, 0x181a6db8, 0x181a6e00, 0x182dd000)
 compacting perm gen  total 12288K, used 5273K [0x220b0000, 0x22cb0000, 0x260b0000)
   the space 12288K,  42% used [0x220b0000, 0x225d6508, 0x225d6600, 0x22cb0000)
No shared spaces configured.

Code Cache  [0x100b0000, 0x101b0000, 0x120b0000)
 total_blobs=415 nmethods=278 adapters=73 free_code_cache=32528896 largest_free_block=384

Dynamic libraries:
0x00530000 - 0x00588000 	C:\DEV\FD\FlashDevelop.exe
0x770e0000 - 0x77237000 	C:\Windows\SYSTEM32\ntdll.dll
0x73a20000 - 0x73a6a000 	C:\Windows\SYSTEM32\MSCOREE.DLL
0x76bc0000 - 0x76cf0000 	C:\Windows\SYSTEM32\KERNEL32.dll
0x74fd0000 - 0x75076000 	C:\Windows\SYSTEM32\KERNELBASE.dll
0x75570000 - 0x7561e000 	C:\Windows\SYSTEM32\ADVAPI32.dll
0x74850000 - 0x74901000 	C:\Windows\SYSTEM32\msvcrt.dll
0x74e20000 - 0x74e54000 	C:\Windows\SYSTEM32\sechost.dll
0x756c0000 - 0x7576c000 	C:\Windows\SYSTEM32\RPCRT4.dll
0x74710000 - 0x7472c000 	C:\Windows\SYSTEM32\SspiCli.dll
0x74700000 - 0x74709000 	C:\Windows\SYSTEM32\CRYPTBASE.dll
0x746a0000 - 0x746f1000 	C:\Windows\SYSTEM32\bcryptPrimitives.dll
0x739a0000 - 0x73a1a000 	C:\Windows\Microsoft.NET\Framework\v4.0.30319\mscoreei.dll
0x76840000 - 0x76880000 	C:\Windows\SYSTEM32\SHLWAPI.dll
0x76cf0000 - 0x76e06000 	C:\Windows\SYSTEM32\USER32.dll
0x74b30000 - 0x74c2d000 	C:\Windows\SYSTEM32\GDI32.dll
0x74e00000 - 0x74e20000 	C:\Windows\system32\IMM32.DLL
0x74e60000 - 0x74f3e000 	C:\Windows\SYSTEM32\MSCTF.dll
0x609d0000 - 0x60f7f000 	C:\Windows\Microsoft.NET\Framework\v2.0.50727\mscorwks.dll
0x65fd0000 - 0x6606b000 	C:\Windows\WinSxS\x86_microsoft.vc80.crt_1fc8b3b9a1e18e3b_8.0.50727.6910_none_d089c358442de345\MSVCR80.dll
0x75770000 - 0x76836000 	C:\Windows\SYSTEM32\shell32.dll
0x76a80000 - 0x76bb6000 	C:\Windows\SYSTEM32\combase.dll
0x6ecd0000 - 0x6ed45000 	C:\Windows\SYSTEM32\SHCORE.dll
0x6ae00000 - 0x6ae11000 	C:\Windows\SYSTEM32\profapi.dll
0x5f530000 - 0x6002a000 	C:\Windows\assembly\NativeImages_v2.0.50727_32\mscorlib\d1ce70bf6cbab6ab838cbd8b50e902c1\mscorlib.ni.dll
0x74730000 - 0x74849000 	C:\Windows\SYSTEM32\ole32.dll
0x6a9f0000 - 0x6aa78000 	C:\Windows\system32\uxtheme.dll
0x66120000 - 0x6617b000 	C:\Windows\Microsoft.NET\Framework\v2.0.50727\mscorjit.dll
0x73ab0000 - 0x73aca000 	C:\Windows\SYSTEM32\CRYPTSP.dll
0x73a70000 - 0x73aae000 	C:\Windows\system32\rsaenh.dll
0x05020000 - 0x051fe000 	C:\DEV\FD\PluginCore.dll
0x60220000 - 0x609c2000 	C:\Windows\assembly\NativeImages_v2.0.50727_32\System\1b46657236c1f942f9dbaf6aac73bb49\System.ni.dll
0x65e40000 - 0x65fc9000 	C:\Windows\assembly\NativeImages_v2.0.50727_32\System.Drawing\7e4447d26cd9083018bd28ddd60a0248\System.Drawing.ni.dll
0x5e550000 - 0x5f12e000 	C:\Windows\assembly\NativeImages_v2.0.50727_32\System.Windows.Forms\53c49b1cfdb85cf6784c7dcc8cdbd56d\System.Windows.Forms.ni.dll
0x73180000 - 0x73189000 	C:\Windows\SYSTEM32\secur32.dll
0x6a4f0000 - 0x6a509000 	C:\Windows\SYSTEM32\dwmapi.dll
0x69c00000 - 0x69d63000 	C:\Windows\WinSxS\x86_microsoft.windows.gdiplus_6595b64144ccf1df_1.1.9200.16518_none_ba1cf6b7e09f1918\gdiplus.dll
0x6c930000 - 0x6ca90000 	C:\Windows\SYSTEM32\DWrite.dll
0x66110000 - 0x66116000 	C:\Windows\SYSTEM32\shfolder.dll
0x66310000 - 0x6645b000 	C:\Windows\SYSTEM32\WindowsCodecs.dll
0x74f40000 - 0x74fcb000 	C:\Windows\SYSTEM32\oleaut32.dll
0x62f10000 - 0x6344a000 	C:\Windows\assembly\NativeImages_v2.0.50727_32\System.Xml\fc5d4ada42ed8e9a30b64912f5dc9767\System.Xml.ni.dll
0x69e20000 - 0x6a018000 	C:\Windows\WinSxS\x86_microsoft.windows.common-controls_6595b64144ccf1df_6.0.9200.16579_none_8937eec6860750f5\comctl32.dll
0x07910000 - 0x07932000 	C:\DEV\FD\Plugins\AirProperties.dll
0x078f0000 - 0x07900000 	C:\DEV\FD\Plugins\AS2Context.dll
0x079b0000 - 0x07a32000 	C:\DEV\FD\Plugins\ASCompletion.dll
0x07b30000 - 0x07b56000 	C:\DEV\FD\Plugins\AS3Context.dll
0x07b60000 - 0x07b8a000 	C:\DEV\FD\Aga.dll
0x07bc0000 - 0x07bee000 	C:\DEV\FD\Plugins\XMLCompletion.dll
0x6a440000 - 0x6a466000 	C:\Windows\SYSTEM32\ntmarta.dll
0x07c60000 - 0x07c70000 	C:\DEV\FD\Plugins\ASClassWizard.dll
0x65dc0000 - 0x65e36000 	C:\Windows\SYSTEM32\RichEd20.DLL
0x67000000 - 0x67014000 	C:\Windows\SYSTEM32\USP10.dll
0x65d90000 - 0x65dbb000 	C:\Windows\SYSTEM32\msls31.dll
0x6c310000 - 0x6c318000 	C:\Windows\SYSTEM32\version.dll
0x07e50000 - 0x07e5a000 	C:\DEV\FD\Plugins\BasicCompletion.dll
0x07f70000 - 0x07f7c000 	C:\DEV\FD\Plugins\BookmarkPanel.dll
0x07f90000 - 0x07f98000 	C:\DEV\FD\Plugins\BridgeSettings.dll
0x07fb0000 - 0x07fba000 	C:\DEV\FD\Plugins\CodeAnalyzer.dll
0x06610000 - 0x06692000 	C:\DEV\FD\Plugins\CodeFormatter.dll
0x06510000 - 0x06534000 	C:\DEV\FD\Antlr3.dll
0x066b0000 - 0x066c0000 	C:\DEV\FD\Plugins\CodeRefactor.dll
0x066e0000 - 0x066ec000 	C:\DEV\FD\Plugins\CssCompletion.dll
0x066f0000 - 0x066f8000 	C:\DEV\FD\Plugins\DataEncoder.dll
0x06710000 - 0x06738000 	C:\DEV\FD\Plugins\fdb.j4n.dll
0x06780000 - 0x06860000 	C:\DEV\FD\Plugins\jni4net.n-0.8.4.0.dll
0x06870000 - 0x0687e000 	C:\DEV\FD\Plugins\FileExplorer.dll
0x06890000 - 0x0689a000 	C:\DEV\FD\Plugins\FlashConnect.dll
0x74d50000 - 0x74da0000 	C:\Windows\SYSTEM32\ws2_32.dll
0x76e10000 - 0x76e18000 	C:\Windows\SYSTEM32\NSI.dll
0x74520000 - 0x7456a000 	C:\Windows\system32\mswsock.dll
0x65c90000 - 0x65d83000 	C:\Windows\assembly\NativeImages_v2.0.50727_32\System.Configuration\7d7b887e33aafaadae040bb07fa959bb\System.Configuration.ni.dll
0x068d0000 - 0x068f0000 	C:\DEV\FD\Plugins\FlashDebugger.dll
0x07d10000 - 0x07d1c000 	C:\DEV\FD\Plugins\FlashLogViewer.dll
0x08210000 - 0x08224000 	C:\DEV\FD\Plugins\FlashViewer.dll
0x08360000 - 0x08374000 	C:\DEV\FD\Plugins\HaXeContext.dll
0x65c80000 - 0x65c8a000 	C:\DEV\FD\Plugins\jni4net.n.w32.v20-0.8.4.0.dll
0x08420000 - 0x0842e000 	C:\DEV\FD\Plugins\LayoutManager.dll
0x08450000 - 0x08462000 	C:\DEV\FD\Plugins\LoomContext.dll
0x08490000 - 0x084f8000 	C:\DEV\FD\Plugins\ProjectManager.dll
0x08590000 - 0x0859c000 	C:\DEV\FD\Plugins\MacroManager.dll
0x085b0000 - 0x085ba000 	C:\DEV\FD\Plugins\OutputPanel.dll
0x08b20000 - 0x08b2c000 	C:\DEV\FD\Plugins\PHPContext.dll
0x08b80000 - 0x08b9e000 	C:\DEV\FD\SwfOp.dll
0x65bb0000 - 0x65c71000 	C:\Windows\assembly\NativeImages_v2.0.50727_32\System.Runtime.Remo#\5a9b13b8b902bbf75fa2245f4dcbf18c\System.Runtime.Remoting.ni.dll
0x08ba0000 - 0x08bac000 	C:\DEV\FD\Plugins\ResultsPanel.dll
0x09400000 - 0x09414000 	C:\DEV\FD\Plugins\SourceControl.dll
0x09420000 - 0x0942a000 	C:\DEV\FD\Plugins\StartPage.dll
0x59a40000 - 0x5a5a1000 	C:\Windows\assembly\NativeImages_v2.0.50727_32\System.Web\538224ffef6d0b8691f397688ec6a48d\System.Web.ni.dll
0x09450000 - 0x0945c000 	C:\DEV\FD\Plugins\TaskListPanel.dll
0x628b0000 - 0x628e6000 	c:\Program Files\WIDCOMM\Bluetooth Software\SysWOW64\BtMmHook.dll
0x76e20000 - 0x76e26000 	C:\Windows\SYSTEM32\PSAPI.DLL
0x74920000 - 0x74acf000 	C:\Windows\SYSTEM32\SETUPAPI.dll
0x76fc0000 - 0x77006000 	C:\Windows\SYSTEM32\CFGMGR32.dll
0x75620000 - 0x7563e000 	C:\Windows\SYSTEM32\DEVOBJ.dll
0x641f0000 - 0x6420e000 	C:\Windows\Microsoft.NET\Framework\v2.0.50727\shfusion.dll
0x6ac80000 - 0x6ad07000 	C:\Windows\WinSxS\x86_microsoft.windows.common-controls_6595b64144ccf1df_5.82.9200.16658_none_bf1359a245f1cd12\COMCTL32.dll
0x09770000 - 0x09776000 	C:\Windows\Microsoft.NET\Framework\v2.0.50727\Fusion.dll
0x65ba0000 - 0x65ba8000 	C:\Windows\Microsoft.NET\Framework\v2.0.50727\culture.dll
0x64220000 - 0x64238000 	C:\Windows\Microsoft.NET\Framework\v2.0.50727\ShFusRes.dll
0x10000000 - 0x100a8000 	C:\DEV\FD\SciLexer.dll
0x6a8d0000 - 0x6a8d6000 	C:\Windows\SYSTEM32\Msimg32.DLL
0x69180000 - 0x69299000 	C:\Windows\SYSTEM32\PROPSYS.dll
0x75640000 - 0x756b4000 	C:\Windows\SYSTEM32\clbcatq.dll
0x5d9e0000 - 0x5da0a000 	C:\Windows\SYSTEM32\thumbcache.dll
0x6ae70000 - 0x6ae8a000 	C:\Windows\SYSTEM32\bcrypt.dll
0x6a820000 - 0x6a8c7000 	C:\Windows\system32\apphelp.dll
0x68850000 - 0x688f0000 	C:\Windows\SYSTEM32\sxs.dll
0x75280000 - 0x753a1000 	C:\Windows\SYSTEM32\urlmon.dll
0x76880000 - 0x76a78000 	C:\Windows\SYSTEM32\iertutil.dll
0x753b0000 - 0x75568000 	C:\Windows\SYSTEM32\WININET.dll
0x6d8e0000 - 0x6db90000 	C:\DEV\JAVA\JDK6_32BIT\jre\bin\client\jvm.dll
0x6a4a0000 - 0x6a4c1000 	C:\Windows\SYSTEM32\WINMM.dll
0x7c340000 - 0x7c396000 	C:\Windows\SYSTEM32\MSVCR71.dll
0x6a470000 - 0x6a49b000 	C:\Windows\SYSTEM32\WINMMBASE.dll
0x6d890000 - 0x6d89c000 	C:\DEV\JAVA\JDK6_32BIT\jre\bin\verify.dll
0x6d3e0000 - 0x6d3ff000 	C:\DEV\JAVA\JDK6_32BIT\jre\bin\java.dll
0x6d8d0000 - 0x6d8df000 	C:\DEV\JAVA\JDK6_32BIT\jre\bin\zip.dll
0x6d6c0000 - 0x6d6d3000 	C:\DEV\JAVA\JDK6_32BIT\jre\bin\net.dll
0x62530000 - 0x625ec000 	C:\Windows\SYSTEM32\actxprxy.dll
0x69bd0000 - 0x69bd8000 	C:\Windows\SYSTEM32\msiltcfg.dll
0x63450000 - 0x6369e000 	C:\Windows\SYSTEM32\msi.dll
0x65b90000 - 0x65b9c000 	C:\Windows\system32\mssprxy.dll
0x658f0000 - 0x6597d000 	C:\Windows\Microsoft.NET\Framework\v2.0.50727\diasymreader.dll

VM Arguments:
java_command: <unknown>
Launcher Type: generic

Environment Variables:
JAVA_HOME=C:\DEV\JAVA\JDK6_32BIT
PATH=C:\Program Files\Dell\DW WLAN Card;c:\Program Files (x86)\Intel\iCLS Client\;c:\Program Files\Intel\iCLS Client\;C:\Windows\system32;C:\Windows;C:\Windows\System32\Wbem;C:\Windows\System32\WindowsPowerShell\v1.0\;C:\Program Files\Intel\Intel(R) Management Engine Components\DAL;C:\Program Files\Intel\Intel(R) Management Engine Components\IPT;C:\Program Files (x86)\Intel\Intel(R) Management Engine Components\DAL;C:\Program Files (x86)\Intel\Intel(R) Management Engine Components\IPT;c:\Program Files\WIDCOMM\Bluetooth Software\;c:\Program Files\WIDCOMM\Bluetooth Software\syswow64;C:\Program Files (x86)\Windows Live\Shared;C:\Program Files\TortoiseHg\;C:\DEV\JAVA\JDK6_32BIT\bin;C:\DEV\TortoiseGit\bin;C:\DEV\GIT_SCM\Git\cmd;C:\DEV\SublimeText
USERNAME=JMIM
OS=Windows_NT
PROCESSOR_IDENTIFIER=Intel64 Family 6 Model 58 Stepping 9, GenuineIntel



---------------  S Y S T E M  ---------------

OS: Windows 8 , 64 bit Build 9200 

CPU:total 2 (2 cores per cpu, 1 threads per core) family 6 model 58 stepping 9, cmov, cx8, fxsr, mmx, sse, sse2, sse3, ssse3, sse4.1, sse4.2, popcnt

Memory: 4k page, physical 4060436k(1430344k free), swap 8123668k(4377236k free)

vm_info: Java HotSpot(TM) Client VM (20.45-b01) for windows-x86 JRE (1.6.0_45-b06), built on Mar 26 2013 13:40:03 by "java_re" with MS VC++ 7.1 (VS2003)

time: Thu Jan 09 12:25:35 2014
elapsed time: 70145 seconds

